{
"c:\\Users\\LDY01\\Documents\\PROJECTS\\gulp-filter-by\\lib\\filterBy.js":{"path":"c:\\Users\\LDY01\\Documents\\PROJECTS\\gulp-filter-by\\lib\\filterBy.js","s":{"1":1,"2":1,"3":1,"4":9,"5":6,"6":3,"7":5,"8":3,"9":5,"10":3,"11":1},"b":{"1":[6,3],"2":[9,7],"3":[3,2]},"f":{"1":9,"2":5},"fnMap":{"1":{"name":"filterBy","line":7,"loc":{"start":{"line":7,"column":0},"end":{"line":7,"column":22}}},"2":{"name":"(anonymous_2)","line":15,"loc":{"start":{"line":15,"column":26},"end":{"line":15,"column":50}}}},"statementMap":{"1":{"start":{"line":1,"column":0},"end":{"line":3,"column":36}},"2":{"start":{"line":5,"column":0},"end":{"line":5,"column":37}},"3":{"start":{"line":7,"column":0},"end":{"line":29,"column":1}},"4":{"start":{"line":10,"column":1},"end":{"line":12,"column":2}},"5":{"start":{"line":11,"column":2},"end":{"line":11,"column":64}},"6":{"start":{"line":15,"column":1},"end":{"line":25,"column":4}},"7":{"start":{"line":18,"column":2},"end":{"line":21,"column":3}},"8":{"start":{"line":20,"column":3},"end":{"line":20,"column":19}},"9":{"start":{"line":24,"column":2},"end":{"line":24,"column":7}},"10":{"start":{"line":28,"column":1},"end":{"line":28,"column":15}},"11":{"start":{"line":32,"column":0},"end":{"line":32,"column":26}}},"branchMap":{"1":{"line":10,"type":"if","locations":[{"start":{"line":10,"column":1},"end":{"line":10,"column":1}},{"start":{"line":10,"column":1},"end":{"line":10,"column":1}}]},"2":{"line":10,"type":"binary-expr","locations":[{"start":{"line":10,"column":5},"end":{"line":10,"column":8}},{"start":{"line":10,"column":12},"end":{"line":10,"column":36}}]},"3":{"line":18,"type":"if","locations":[{"start":{"line":18,"column":2},"end":{"line":18,"column":2}},{"start":{"line":18,"column":2},"end":{"line":18,"column":2}}]}},"l":{"1":1,"5":1,"7":1,"10":9,"11":6,"15":3,"18":5,"20":3,"24":5,"28":3,"32":1}}}
